<?xml version="1.0" encoding="UTF-8"?>
<testExecutions version="1">
    <file path="D:\_uni\magistrale\softeng2\SPG\Frontend\spg-frontend\src\BrowseProducts\BrowseProducts.test.js">
        <testCase name="Renders correctly" duration="238"/>
        <testCase name="Add to cart" duration="35"/>
        <testCase name="Bad browse product" duration="51"/>
    </file>
    <file path="D:\_uni\magistrale\softeng2\SPG\Frontend\spg-frontend\src\AddProduct\AddProduct.test.js">
        <testCase name="renders correctly" duration="320"/>
        <testCase name="empty fields" duration="118"/>
        <testCase name="successful add" duration="151"/>
        <testCase name="unsuccessful add" duration="93"/>
    </file>
    <file path="D:\_uni\magistrale\softeng2\SPG\Frontend\spg-frontend\src\NewCustomer\NewCustomer.test.js">
        <testCase name="renders correctly" duration="129"/>
        <testCase name="empty fields" duration="136"/>
        <testCase name="insecure password" duration="146"/>
        <testCase name="create existing user" duration="284"/>
        <testCase name="create new user" duration="301"/>
        <testCase name="server error" duration="209"/>
        <testCase name="Registration Bug fix" duration="203"/>
    </file>
    <file path="D:\_uni\magistrale\softeng2\SPG\Frontend\spg-frontend\src\Navbar\Navbar.test.js">
        <testCase name="Alert Balance insufficient" duration="398"/>
        <testCase name="No balance insufficient" duration="12"/>
        <testCase name="No user logged in" duration="7"/>
    </file>
    <file path="D:\_uni\magistrale\softeng2\SPG\Frontend\spg-frontend\src\DeliverOrder\DeliverOrder.test.js">
        <testCase name="Renders Correctly" duration="74"/>
    </file>
    <file path="D:\_uni\magistrale\softeng2\SPG\Frontend\spg-frontend\src\Customer\Customer.test.js">
        <testCase name="renders correctly" duration="16"/>
    </file>
    <file path="D:\_uni\magistrale\softeng2\SPG\Frontend\spg-frontend\src\Login\Login.test.js">
        <testCase name="Renders properly" duration="45"/>
        <testCase name="Missing credentials" duration="75"/>
    </file>
    <file path="D:\_uni\magistrale\softeng2\SPG\Frontend\spg-frontend\src\Farmer\Farmer.test.js">
        <testCase name="renders correctly" duration="24"/>
    </file>
    <file path="D:\_uni\magistrale\softeng2\SPG\Frontend\spg-frontend\src\PlaceOrder\PlaceOrder.test.js">
        <testCase name="" duration="0"/>
    </file>
    <file path="D:\_uni\magistrale\softeng2\SPG\Frontend\spg-frontend\src\ShopEmployee\ShopEmployee.test.js">
        <testCase name="renders correctly" duration="37"/>
    </file>
    <file path="D:\_uni\magistrale\softeng2\SPG\Frontend\spg-frontend\src\Homepage\Homepage.test.js">
        <testCase name="renders correctly" duration="29"/>
    </file>
    <file path="D:\_uni\magistrale\softeng2\SPG\Frontend\spg-frontend\src\API\API.test.js">
        <testCase name="browseProducts ok" duration="2"/>
        <testCase name="browseProducts catch" duration="24"/>
        <testCase name="browseProducts err" duration="2"/>
        <testCase name="placeOrder ok" duration="0"/>
        <testCase name="placeOrder catch" duration="1"/>
        <testCase name="placeOrder err" duration="0"/>
        <testCase name="addToCart ok" duration="1"/>
        <testCase name="addToCart catch" duration="1"/>
        <testCase name="addToCart err" duration="0"/>
        <testCase name="getWallet ok" duration="1"/>
        <testCase name="getWallet catch" duration="1"/>
        <testCase name="addToCart err" duration="41"/>
        <testCase name="topUp ok" duration="1"/>
        <testCase name="topUp catch" duration="1"/>
        <testCase name="topUp err" duration="0"/>
        <testCase name="getCart ok" duration="2"/>
        <testCase name="getCart catch" duration="0"/>
        <testCase name="getCart err404" duration="0"/>
        <testCase name="getCart err400" duration="1"/>
        <testCase name="customerExists ok" duration="1"/>
        <testCase name="customerExists catch" duration="1"/>
        <testCase name="customerExists err" duration="0"/>
        <testCase name="customerExistsByMail ok" duration="1"/>
        <testCase name="customerExistsByMail catch" duration="0"/>
        <testCase name="customerExistsByMail err" duration="1"/>
        <testCase name="dropOrder ok" duration="0"/>
        <testCase name="dropOrder catch" duration="3"/>
        <testCase name="dropOrder err" duration="0"/>
        <testCase name="getAllOrders ok" duration="0"/>
        <testCase name="getAllOrders empty" duration="0"/>
        <testCase name="getAllOrders catch" duration="1"/>
        <testCase name="getAllOrders err" duration="1"/>
        <testCase name="getOrdersByEmail ok" duration="1"/>
        <testCase name="getAllOrders empty" duration="1"/>
        <testCase name="getAllOrders catch" duration="1"/>
        <testCase name="getAllOrders err" duration="0"/>
        <testCase name="deliverOrder ok" duration="1"/>
        <testCase name="deliverOrder catch" duration="0"/>
        <testCase name="deliverOrder err" duration="5"/>
        <testCase name="addCustomer ok" duration="1"/>
        <testCase name="addCustomer catch" duration="0"/>
        <testCase name="addCustomer err" duration="1"/>
        <testCase name="sessionReloader ok" duration="0"/>
        <testCase name="sessionReloader catch" duration="1"/>
        <testCase name="sessionReloader err" duration="1"/>
        <testCase name="browseProductsByFarmer ok" duration="1"/>
        <testCase name="browseProductsByFarmer catch" duration="1"/>
        <testCase name="browseProductsByFarmer err" duration="1"/>
        <testCase name="modifyForecast ok" duration="1"/>
        <testCase name="modifyForecast catch" duration="1"/>
        <testCase name="addProduct ok" duration="0"/>
        <testCase name="addProduct catch" duration="1"/>
        <testCase name="addProduct err" duration="0"/>
        <testCase name="getWalletWarning ok" duration="1"/>
        <testCase name="getWalletWarning catch" duration="1"/>
    </file>
    <file path="D:\_uni\magistrale\softeng2\SPG\Frontend\spg-frontend\src\Admin\Admin.test.js">
        <testCase name="renders correctly" duration="17"/>
    </file>
</testExecutions>