<?xml version="1.0" encoding="UTF-8"?>
<testExecutions version="1">
    <file path="D:\_uni\magistrale\softeng2\SPG\Frontend\spg-frontend\src\BrowseProducts\BrowseProducts.test.js">
        <testCase name="mock" duration="2"/>
    </file>
    <file path="D:\_uni\magistrale\softeng2\SPG\Frontend\spg-frontend\src\NewCustomer\NewCustomer.test.js">
        <testCase name="renders correctly" duration="164"/>
        <testCase name="empty fields" duration="151"/>
        <testCase name="insecure password" duration="135"/>
        <testCase name="create existing user" duration="273"/>
        <testCase name="create new user" duration="269"/>
        <testCase name="server error" duration="195"/>
    </file>
    <file path="D:\_uni\magistrale\softeng2\SPG\Frontend\spg-frontend\src\DeliverOrder\DeliverOrder.test.js">
        <testCase name="Renders Correctly" duration="85"/>
    </file>
    <file path="D:\_uni\magistrale\softeng2\SPG\Frontend\spg-frontend\src\AddProduct\AddProduct.test.js">
        <testCase name="renders correctly" duration="284"/>
        <testCase name="empty fields" duration="108"/>
        <testCase name="successful add" duration="121"/>
        <testCase name="unsuccessful add" duration="106"/>
    </file>
    <file path="D:\_uni\magistrale\softeng2\SPG\Frontend\spg-frontend\src\Homepage\Homepage.test.js">
        <testCase name="renders correctly" duration="25"/>
    </file>
    <file path="D:\_uni\magistrale\softeng2\SPG\Frontend\spg-frontend\src\ShopEmployee\ShopEmployee.test.js">
        <testCase name="renders correctly" duration="25"/>
    </file>
    <file path="D:\_uni\magistrale\softeng2\SPG\Frontend\spg-frontend\src\Navbar\Navbar.test.js">
        <testCase name="Alert Balance insufficient" duration="32"/>
    </file>
    <file path="D:\_uni\magistrale\softeng2\SPG\Frontend\spg-frontend\src\PlaceOrder\PlaceOrder.test.js">
        <testCase name="renders correctly" duration="130"/>
    </file>
    <file path="D:\_uni\magistrale\softeng2\SPG\Frontend\spg-frontend\src\Customer\Customer.test.js">
        <testCase name="renders correctly" duration="15"/>
    </file>
    <file path="D:\_uni\magistrale\softeng2\SPG\Frontend\spg-frontend\src\Farmer\Farmer.test.js">
        <testCase name="renders correctly" duration="17"/>
    </file>
    <file path="D:\_uni\magistrale\softeng2\SPG\Frontend\spg-frontend\src\API\API.test.js">
        <testCase name="Browse product should return 50 items, including Apples" duration="50"/>
        <testCase name="Add to mario.rossi@gmail.com&apos;s cart 1kg of apples to cart and retrieve it afterwards" duration="7"/>
        <testCase name="Add 10 euros to mario.rossi@gmail.com&apos;s wallet" duration="5"/>
        <testCase name="Place an order from a cart" duration="3"/>
        <testCase name="Drop cart" duration="3"/>
        <testCase name="Get all orders, then get only the orders for mario" duration="2"/>
        <testCase name="Deliver order" duration="3"/>
        <testCase name="Add customer" duration="2"/>
    </file>
</testExecutions>